[debug] [2020-07-21T16:42:51.957Z] ----------------------------------------------------------------------
[debug] [2020-07-21T16:42:51.958Z] Command:       /Users/karanbhasin/.nvm/versions/node/v13.9.0/bin/node /Users/karanbhasin/.nvm/versions/node/v13.9.0/bin/firebase deploy
[debug] [2020-07-21T16:42:51.959Z] CLI Version:   7.0.2
[debug] [2020-07-21T16:42:51.959Z] Platform:      darwin
[debug] [2020-07-21T16:42:51.959Z] Node Version:  v13.9.0
[debug] [2020-07-21T16:42:51.971Z] Time:          Tue Jul 21 2020 22:12:51 GMT+0530 (India Standard Time)
[debug] [2020-07-21T16:42:51.971Z] ----------------------------------------------------------------------
[debug] 
[debug] [2020-07-21T16:42:51.982Z] > command requires scopes: ["email","openid","https://www.googleapis.com/auth/cloudplatformprojects.readonly","https://www.googleapis.com/auth/firebase","https://www.googleapis.com/auth/cloud-platform"]
[debug] [2020-07-21T16:42:51.983Z] > authorizing via signed-in user
[debug] [2020-07-21T16:42:51.983Z] [iam] checking project watchbidz-10820 for permissions ["cloudfunctions.functions.create","cloudfunctions.functions.delete","cloudfunctions.functions.get","cloudfunctions.functions.list","cloudfunctions.functions.update","cloudfunctions.operations.get","firebase.projects.get","firebasedatabase.instances.update","firebasehosting.sites.update","firebaserules.releases.create","firebaserules.releases.update","firebaserules.rulesets.create"]
[debug] [2020-07-21T16:42:51.984Z] >>> HTTP REQUEST POST https://cloudresourcemanager.googleapis.com/v1/projects/watchbidz-10820:testIamPermissions  

[debug] [2020-07-21T16:42:53.506Z] <<< HTTP RESPONSE 200
[debug] [2020-07-21T16:42:53.509Z] >>> HTTP REQUEST GET https://firebase.googleapis.com/v1beta1/projects/watchbidz-10820  
 
[debug] [2020-07-21T16:42:53.844Z] <<< HTTP RESPONSE 200
[debug] [2020-07-21T16:42:55.695Z] TypeError: Cannot read property 'wanted' of undefined
    at /Users/karanbhasin/.nvm/versions/node/v13.9.0/lib/node_modules/firebase-tools/lib/checkFirebaseSDKVersion.js:37:51
    at processTicksAndRejections (internal/process/task_queues.js:97:5)
[error] 
[error] Error: An unexpected error has occurred.
[debug] [2020-07-21T16:43:56.407Z] ----------------------------------------------------------------------
[debug] [2020-07-21T16:43:56.409Z] Command:       /Users/karanbhasin/.nvm/versions/node/v13.9.0/bin/node /Users/karanbhasin/.nvm/versions/node/v13.9.0/bin/firebase deploy --except functions
[debug] [2020-07-21T16:43:56.409Z] CLI Version:   7.0.2
[debug] [2020-07-21T16:43:56.409Z] Platform:      darwin
[debug] [2020-07-21T16:43:56.409Z] Node Version:  v13.9.0
[debug] [2020-07-21T16:43:56.418Z] Time:          Tue Jul 21 2020 22:13:56 GMT+0530 (India Standard Time)
[debug] [2020-07-21T16:43:56.418Z] ----------------------------------------------------------------------
[debug] 
[debug] [2020-07-21T16:43:56.428Z] > command requires scopes: ["email","openid","https://www.googleapis.com/auth/cloudplatformprojects.readonly","https://www.googleapis.com/auth/firebase","https://www.googleapis.com/auth/cloud-platform"]
[debug] [2020-07-21T16:43:56.428Z] > authorizing via signed-in user
[debug] [2020-07-21T16:43:56.428Z] [iam] checking project watchbidz-10820 for permissions ["firebase.projects.get","firebasedatabase.instances.update","firebasehosting.sites.update","firebaserules.releases.create","firebaserules.releases.update","firebaserules.rulesets.create"]
[debug] [2020-07-21T16:43:56.429Z] >>> HTTP REQUEST POST https://cloudresourcemanager.googleapis.com/v1/projects/watchbidz-10820:testIamPermissions  

[debug] [2020-07-21T16:43:58.030Z] <<< HTTP RESPONSE 200
[debug] [2020-07-21T16:43:58.032Z] >>> HTTP REQUEST GET https://firebase.googleapis.com/v1beta1/projects/watchbidz-10820  
 
[debug] [2020-07-21T16:43:58.382Z] <<< HTTP RESPONSE 200
[debug] [2020-07-21T16:44:00.155Z] TypeError: Cannot read property 'wanted' of undefined
    at /Users/karanbhasin/.nvm/versions/node/v13.9.0/lib/node_modules/firebase-tools/lib/checkFirebaseSDKVersion.js:37:51
    at processTicksAndRejections (internal/process/task_queues.js:97:5)
[error] 
[error] Error: An unexpected error has occurred.
